Base path: C:/Program Files (x86)/Unity/Editor/Data
Pipe name: \\.\pipe\UnityShaderCompiler-6-7408
Cmd: getPlatforms
Cmd: compileSnippet
  api=9 type=0 insize=6517 outsize=1464 kw= ok=1
Cmd: compileSnippet
  api=9 type=1 insize=6520 outsize=7 kw= ok=1
Cmd: compileSnippet
  api=9 type=0 insize=10590 outsize=1726 kw= ok=1
Cmd: compileSnippet
  api=9 type=1 insize=10612 outsize=7 kw= ok=1
Cmd: compileSnippet
  api=9 type=0 insize=995 outsize=892 kw= ok=1
Cmd: compileSnippet
  api=9 type=0 insize=3351 outsize=2468 kw=WATER_REFLECTIVE ok=1
Cmd: compileSnippet
  api=9 type=0 insize=1164 outsize=1585 kw= ok=1
Cmd: compileSnippet
  api=9 type=1 insize=1965 outsize=7 kw= ok=1
Cmd: compileSnippet
  api=9 type=0 insize=1976 outsize=1805 kw= ok=1
Cmd: compileSnippet
  api=9 type=0 insize=9506 outsize=8870 kw=WATER_REFLECTIVE WATER_VERTEX_DISPLACEMENT_ON WATER_EDGEBLEND_ON ok=1
Cmd: compileSnippet
  api=5 type=0 insize=9506 outsize=5407 kw=WATER_SIMPLE WATER_EDGEBLEND_ON WATER_VERTEX_DISPLACEMENT_OFF ok=1
Cmd: compileSnippet
  api=9 type=1 insize=9506 outsize=7 kw=WATER_REFLECTIVE WATER_VERTEX_DISPLACEMENT_ON WATER_EDGEBLEND_OFF ok=1
Cmd: compileSnippet
  api=5 type=1 insize=9506 outsize=6 kw=WATER_REFLECTIVE WATER_EDGEBLEND_ON WATER_VERTEX_DISPLACEMENT_OFF ok=1
Cmd: compileSnippet
  api=5 type=0 insize=9510 outsize=7755 kw=WATER_REFLECTIVE WATER_VERTEX_DISPLACEMENT_ON WATER_EDGEBLEND_ON ok=1
Cmd: compileSnippet
  api=9 type=0 insize=9510 outsize=3188 kw=WATER_SIMPLE WATER_EDGEBLEND_OFF WATER_VERTEX_DISPLACEMENT_OFF ok=1
Cmd: compileSnippet
  api=9 type=1 insize=9510 outsize=7 kw=WATER_SIMPLE WATER_VERTEX_DISPLACEMENT_ON WATER_EDGEBLEND_OFF ok=1
Cmd: compileSnippet
  api=9 type=1 insize=9510 outsize=7 kw=WATER_REFLECTIVE WATER_EDGEBLEND_ON WATER_VERTEX_DISPLACEMENT_OFF ok=1
Cmd: compileSnippet
  api=9 type=0 insize=9252 outsize=2877 kw= ok=1
Cmd: compileSnippet
  api=9 type=1 insize=2099 outsize=7 kw= ok=1
Cmd: compileSnippet
  api=9 type=0 insize=2103 outsize=811 kw= ok=1
Cmd: compileSnippet
  api=9 type=1 insize=2102 outsize=7 kw= ok=1
Cmd: compileSnippet
  api=9 type=0 insize=10210 outsize=1105 kw= ok=1
Cmd: compileSnippet
  api=9 type=1 insize=10229 outsize=7 kw= ok=1
Cmd: compileSnippet
  api=9 type=0 insize=10255 outsize=2097 kw= ok=1
Cmd: compileSnippet
  api=9 type=1 insize=10209 outsize=7 kw= ok=1
Cmd: compileSnippet
  api=9 type=0 insize=10235 outsize=3797 kw= ok=1
Cmd: compileSnippet
  api=9 type=1 insize=10235 outsize=7 kw= ok=1
Cmd: compileSnippet
  api=9 type=0 insize=977 outsize=1306 kw= ok=1
Cmd: compileSnippet
  api=9 type=1 insize=4929 outsize=7 kw= ok=1
Cmd: compileSnippet
  api=9 type=0 insize=4942 outsize=866 kw= ok=1
Cmd: compileSnippet
  api=9 type=1 insize=3712 outsize=7 kw= ok=1
Cmd: compileSnippet
  api=9 type=0 insize=4181 outsize=4817 kw= ok=1
Cmd: compileSnippet
  api=9 type=1 insize=4186 outsize=7 kw= ok=1
Cmd: compileSnippet
  api=9 type=0 insize=3824 outsize=2055 kw= ok=1
Cmd: compileSnippet
  api=9 type=1 insize=3311 outsize=7 kw= ok=1
Cmd: compileSnippet
  api=9 type=0 insize=3328 outsize=2278 kw= ok=1
Unhandled exception: Readfile from pipe failed. GLE=The pipe has been ended.


Quitting shader compiler process
