Base path: C:/Program Files (x86)/Unity/Editor/Data
Pipe name: \\.\pipe\UnityShaderCompiler-4-10088
Cmd: getPlatforms
Cmd: compileSnippet
  api=9 type=0 insize=6517 outsize=1583 kw= ok=1
Cmd: compileSnippet
  api=9 type=1 insize=6517 outsize=7 kw= ok=1
Cmd: compileSnippet
  api=9 type=0 insize=6534 outsize=1071 kw= ok=1
Cmd: compileSnippet
  api=9 type=1 insize=6532 outsize=7 kw= ok=1
Cmd: compileSnippet
  api=9 type=0 insize=10613 outsize=8333 kw= ok=1
Cmd: compileSnippet
  api=9 type=0 insize=3351 outsize=1893 kw=WATER_SIMPLE ok=1
Cmd: compileSnippet
  api=9 type=1 insize=3351 outsize=7 kw=WATER_REFLECTIVE ok=1
Cmd: compileSnippet
  api=9 type=0 insize=3130 outsize=2271 kw= ok=1
Cmd: compileSnippet
  api=9 type=1 insize=1164 outsize=7 kw= ok=1
Cmd: compileSnippet
  api=9 type=0 insize=1963 outsize=819 kw= ok=1
Cmd: compileSnippet
  api=9 type=1 insize=1976 outsize=7 kw= ok=1
Cmd: compileSnippet
  api=5 type=0 insize=9506 outsize=7162 kw=WATER_SIMPLE WATER_VERTEX_DISPLACEMENT_ON WATER_EDGEBLEND_OFF ok=1
Cmd: compileSnippet
  api=9 type=0 insize=9506 outsize=4116 kw=WATER_SIMPLE WATER_EDGEBLEND_OFF WATER_VERTEX_DISPLACEMENT_OFF ok=1
Cmd: compileSnippet
  api=5 type=1 insize=9506 outsize=6 kw=WATER_SIMPLE WATER_VERTEX_DISPLACEMENT_ON WATER_EDGEBLEND_ON ok=1
Cmd: compileSnippet
  api=9 type=1 insize=9506 outsize=7 kw=WATER_SIMPLE WATER_EDGEBLEND_ON WATER_VERTEX_DISPLACEMENT_OFF ok=1
Cmd: compileSnippet
  api=5 type=0 insize=9510 outsize=7082 kw=WATER_REFLECTIVE WATER_VERTEX_DISPLACEMENT_ON WATER_EDGEBLEND_OFF ok=1
Cmd: compileSnippet
  api=9 type=0 insize=9510 outsize=4718 kw=WATER_REFLECTIVE WATER_EDGEBLEND_ON WATER_VERTEX_DISPLACEMENT_OFF ok=1
Cmd: compileSnippet
  api=5 type=1 insize=9510 outsize=6 kw=WATER_SIMPLE WATER_VERTEX_DISPLACEMENT_ON WATER_EDGEBLEND_ON ok=1
Cmd: compileSnippet
  api=9 type=1 insize=9510 outsize=7 kw=WATER_SIMPLE WATER_EDGEBLEND_OFF WATER_VERTEX_DISPLACEMENT_OFF ok=1
Cmd: compileSnippet
  api=9 type=0 insize=2102 outsize=1298 kw= ok=1
Cmd: compileSnippet
  api=9 type=1 insize=10227 outsize=7 kw= ok=1
Cmd: compileSnippet
  api=9 type=0 insize=1310 outsize=2066 kw= ok=1
Cmd: compileSnippet
  api=9 type=1 insize=1742 outsize=7 kw= ok=1
Cmd: compileSnippet
  api=9 type=0 insize=3712 outsize=5154 kw= ok=1
Cmd: compileSnippet
  api=9 type=1 insize=3822 outsize=7 kw= ok=1
Cmd: compileSnippet
  api=9 type=0 insize=3814 outsize=889 kw= ok=1
Cmd: compileSnippet
  api=9 type=1 insize=3323 outsize=7 kw= ok=1
Unhandled exception: Readfile from pipe failed. GLE=The pipe has been ended.


Quitting shader compiler process
