Base path: C:/Program Files (x86)/Unity/Editor/Data
Pipe name: \\.\pipe\UnityShaderCompiler-8-5584
Cmd: getPlatforms
Cmd: compileSnippet
  api=9 type=0 insize=6529 outsize=1053 kw= ok=1
Cmd: compileSnippet
  api=9 type=1 insize=6534 outsize=7 kw= ok=1
Cmd: compileSnippet
  api=5 type=0 insize=3351 outsize=1880 kw=WATER_SIMPLE ok=1
Cmd: compileSnippet
  api=9 type=1 insize=3351 outsize=7 kw=WATER_SIMPLE ok=1
Cmd: compileSnippet
  api=9 type=1 insize=1974 outsize=7 kw= ok=1
Cmd: compileSnippet
  api=9 type=0 insize=1379 outsize=1404 kw= ok=1
Cmd: compileSnippet
  api=9 type=1 insize=1244 outsize=7 kw= ok=1
Cmd: compileSnippet
  api=9 type=0 insize=9506 outsize=7620 kw=WATER_REFLECTIVE WATER_VERTEX_DISPLACEMENT_ON WATER_EDGEBLEND_OFF ok=1
Cmd: compileSnippet
  api=9 type=0 insize=9506 outsize=4574 kw=WATER_REFLECTIVE WATER_EDGEBLEND_OFF WATER_VERTEX_DISPLACEMENT_OFF ok=1
Cmd: compileSnippet
  api=5 type=1 insize=9506 outsize=6 kw=WATER_SIMPLE WATER_VERTEX_DISPLACEMENT_ON WATER_EDGEBLEND_OFF ok=1
Cmd: compileSnippet
  api=5 type=1 insize=9506 outsize=6 kw=WATER_REFLECTIVE WATER_EDGEBLEND_OFF WATER_VERTEX_DISPLACEMENT_OFF ok=1
Cmd: compileSnippet
  api=9 type=0 insize=9510 outsize=6927 kw=WATER_SIMPLE WATER_VERTEX_DISPLACEMENT_ON WATER_EDGEBLEND_ON ok=1
Cmd: compileSnippet
  api=9 type=0 insize=9510 outsize=3888 kw=WATER_SIMPLE WATER_EDGEBLEND_ON WATER_VERTEX_DISPLACEMENT_OFF ok=1
Cmd: compileSnippet
  api=5 type=1 insize=9510 outsize=6 kw=WATER_SIMPLE WATER_VERTEX_DISPLACEMENT_ON WATER_EDGEBLEND_OFF ok=1
Cmd: compileSnippet
  api=9 type=1 insize=9510 outsize=7 kw=WATER_REFLECTIVE WATER_EDGEBLEND_OFF WATER_VERTEX_DISPLACEMENT_OFF ok=1
Cmd: compileSnippet
  api=9 type=1 insize=2103 outsize=7 kw= ok=1
Cmd: compileSnippet
  api=9 type=0 insize=2105 outsize=824 kw= ok=1
Cmd: compileSnippet
  api=9 type=1 insize=841 outsize=7 kw= ok=1
Cmd: compileSnippet
  api=9 type=0 insize=10227 outsize=1289 kw= ok=1
Cmd: compileSnippet
  api=9 type=1 insize=4942 outsize=7 kw= ok=1
Cmd: compileSnippet
  api=9 type=1 insize=6848 outsize=7 kw= ok=1
Cmd: compileSnippet
  api=9 type=0 insize=3311 outsize=826 kw= ok=1
Cmd: compileSnippet
  api=9 type=1 insize=3319 outsize=7 kw= ok=1
Unhandled exception: Readfile from pipe failed. GLE=The pipe has been ended.


Quitting shader compiler process
