Base path: C:/Program Files (x86)/Unity/Editor/Data
Pipe name: \\.\pipe\UnityShaderCompiler-5-7868
Cmd: getPlatforms
Cmd: compileSnippet
  api=9 type=1 insize=6517 outsize=7 kw= ok=1
Cmd: compileSnippet
  api=9 type=0 insize=6517 outsize=1464 kw= ok=1
Cmd: compileSnippet
  api=9 type=1 insize=6520 outsize=7 kw= ok=1
Cmd: compileSnippet
  api=9 type=0 insize=6525 outsize=1493 kw= ok=1
Cmd: compileSnippet
  api=9 type=1 insize=3351 outsize=7 kw=WATER_REFRACTIVE ok=1
Cmd: compileSnippet
  api=9 type=0 insize=3086 outsize=1293 kw= ok=1
Cmd: compileSnippet
  api=9 type=1 insize=3085 outsize=7 kw= ok=1
Cmd: compileSnippet
  api=9 type=0 insize=1965 outsize=861 kw= ok=1
Cmd: compileSnippet
  api=9 type=1 insize=1963 outsize=7 kw= ok=1
Cmd: compileSnippet
  api=9 type=0 insize=968 outsize=1073 kw= ok=1
Cmd: compileSnippet
  api=9 type=1 insize=1379 outsize=7 kw= ok=1
Cmd: compileSnippet
  api=5 type=0 insize=9506 outsize=8453 kw=WATER_SIMPLE WATER_VERTEX_DISPLACEMENT_ON WATER_EDGEBLEND_ON ok=1
Cmd: compileSnippet
  api=9 type=0 insize=9506 outsize=5824 kw=WATER_REFLECTIVE WATER_EDGEBLEND_ON WATER_VERTEX_DISPLACEMENT_OFF ok=1
Cmd: compileSnippet
  api=9 type=0 insize=9506 outsize=5396 kw=WATER_SIMPLE WATER_EDGEBLEND_ON WATER_VERTEX_DISPLACEMENT_OFF ok=1
Cmd: compileSnippet
  api=5 type=1 insize=9506 outsize=6 kw=WATER_REFLECTIVE WATER_VERTEX_DISPLACEMENT_ON WATER_EDGEBLEND_OFF ok=1
Cmd: compileSnippet
  api=5 type=1 insize=9506 outsize=6 kw=WATER_SIMPLE WATER_EDGEBLEND_ON WATER_VERTEX_DISPLACEMENT_OFF ok=1
Cmd: compileSnippet
  api=9 type=0 insize=9510 outsize=6227 kw=WATER_SIMPLE WATER_VERTEX_DISPLACEMENT_ON WATER_EDGEBLEND_OFF ok=1
Cmd: compileSnippet
  api=5 type=0 insize=9510 outsize=4716 kw=WATER_REFLECTIVE WATER_EDGEBLEND_ON WATER_VERTEX_DISPLACEMENT_OFF ok=1
Cmd: compileSnippet
  api=5 type=1 insize=9510 outsize=6 kw=WATER_REFLECTIVE WATER_VERTEX_DISPLACEMENT_ON WATER_EDGEBLEND_ON ok=1
Cmd: compileSnippet
  api=5 type=1 insize=9510 outsize=6 kw=WATER_SIMPLE WATER_EDGEBLEND_ON WATER_VERTEX_DISPLACEMENT_OFF ok=1
Cmd: compileSnippet
  api=9 type=0 insize=2099 outsize=811 kw= ok=1
Cmd: compileSnippet
  api=9 type=1 insize=2100 outsize=7 kw= ok=1
Cmd: compileSnippet
  api=9 type=0 insize=841 outsize=881 kw= ok=1
Cmd: compileSnippet
  api=9 type=1 insize=10227 outsize=7 kw= ok=1
Cmd: compileSnippet
  api=9 type=0 insize=10227 outsize=1304 kw= ok=1
Cmd: compileSnippet
  api=9 type=1 insize=10210 outsize=7 kw= ok=1
Cmd: compileSnippet
  api=9 type=0 insize=10210 outsize=1194 kw= ok=1
Cmd: compileSnippet
  api=9 type=1 insize=10255 outsize=7 kw= ok=1
Cmd: compileSnippet
  api=9 type=0 insize=10213 outsize=562 kw= ok=1
Cmd: compileSnippet
  api=9 type=1 insize=10235 outsize=7 kw= ok=1
Cmd: compileSnippet
  api=9 type=0 insize=10235 outsize=3797 kw= ok=1
Cmd: compileSnippet
  api=9 type=1 insize=1695 outsize=7 kw= ok=1
Cmd: compileSnippet
  api=9 type=0 insize=1742 outsize=3303 kw= ok=1
Cmd: compileSnippet
  api=9 type=1 insize=977 outsize=7 kw= ok=1
Cmd: compileSnippet
  api=9 type=0 insize=4929 outsize=1875 kw= ok=1
Cmd: compileSnippet
  api=9 type=1 insize=4933 outsize=7 kw= ok=1
Cmd: compileSnippet
  api=9 type=0 insize=4923 outsize=2206 kw= ok=1
Cmd: compileSnippet
  api=9 type=0 insize=4186 outsize=5256 kw= ok=1
Cmd: compileSnippet
  api=9 type=1 insize=3816 outsize=7 kw= ok=1
Cmd: compileSnippet
  api=9 type=0 insize=3822 outsize=1495 kw= ok=1
Cmd: compileSnippet
  api=9 type=1 insize=706 outsize=7 kw= ok=1
Cmd: compileSnippet
  api=9 type=0 insize=3319 outsize=2135 kw= ok=1
Cmd: compileSnippet
  api=9 type=1 insize=3328 outsize=7 kw= ok=1
Cmd: compileSnippet
  api=9 type=0 insize=1347 outsize=1667 kw= ok=1
Cmd: compileSnippet
  api=9 type=1 insize=617 outsize=7 kw= ok=1
Cmd: compileSnippet
  api=9 type=0 insize=1346 outsize=2215 kw= ok=1
Unhandled exception: Readfile from pipe failed. GLE=The pipe has been ended.


Quitting shader compiler process
